status file for recon-all
Thu Oct  5 15:40:45 EDT 2006
#@# MotionCor Thu Oct  5 15:41:03 EDT 2006
#@# Nu Intensity Correction Thu Oct  5 15:51:24 EDT 2006
#@# Talairach Thu Oct  5 15:53:19 EDT 2006
#@# Intensity Normalization Thu Oct  5 15:53:59 EDT 2006
#@# Skull Stripping Thu Oct  5 15:58:24 EDT 2006
recon-all finished without error at Thu Oct  5 16:00:17 EDT 2006



New invocation of recon-all 



status file for recon-all
Fri Oct  6 00:36:05 EDT 2006
#@# EM Registration Fri Oct  6 00:36:30 EDT 2006
#@# CA Normalize Fri Oct  6 00:45:05 EDT 2006
#@# CA Reg Fri Oct  6 00:46:31 EDT 2006
#@# CA Reg Inv Fri Oct  6 13:31:03 EDT 2006
#@# Remove Neck Fri Oct  6 13:34:15 EDT 2006
#@# SkullLTA Fri Oct  6 13:38:00 EDT 2006
#@# SubCort Seg Fri Oct  6 13:50:58 EDT 2006
#@# ASeg Stats Fri Oct  6 14:54:29 EDT 2006
#@# Intensity Normalization2 Fri Oct  6 15:11:34 EDT 2006
#@# Mask BFS Fri Oct  6 15:17:47 EDT 2006
#@# WM Segmentation Fri Oct  6 15:18:01 EDT 2006
#@# Fill Fri Oct  6 15:24:46 EDT 2006
#@# Tessellate lh Fri Oct  6 15:27:18 EDT 2006
#@# Smooth1 lh Fri Oct  6 15:27:36 EDT 2006
#@# Inflation1 lh Fri Oct  6 15:27:50 EDT 2006
#@# QSphere lh Fri Oct  6 15:29:35 EDT 2006
#@# Fix Topology lh Fri Oct  6 15:55:27 EDT 2006
#@# Make Final Surf lh Fri Oct  6 17:37:08 EDT 2006
#@# Smooth2 lh Fri Oct  6 21:10:20 EDT 2006
#@# Inflation2 lh Fri Oct  6 21:10:42 EDT 2006
#@# Cortical ribbon mask lh Fri Oct  6 21:16:30 EDT 2006
#@# Sphere lh Fri Oct  6 21:17:37 EDT 2006
#@# Surf Reg lh Sat Oct  7 00:54:39 EDT 2006
#@# Contra Surf Reg lh Sat Oct  7 02:23:26 EDT 2006
#@# AvgCurv lh Sat Oct  7 03:57:12 EDT 2006
#@# Cortical Parc lh Sat Oct  7 03:57:14 EDT 2006
#@# Parcellation Stats lh Sat Oct  7 03:58:30 EDT 2006
#@# Cortical Parc 2 lh Sat Oct  7 03:58:46 EDT 2006
#@# Parcellation Stats 2 lh Sat Oct  7 04:00:23 EDT 2006
#@# Tessellate rh Sat Oct  7 04:00:43 EDT 2006
#@# Smooth1 rh Sat Oct  7 04:00:52 EDT 2006
#@# Inflation1 rh Sat Oct  7 04:01:01 EDT 2006
#@# QSphere rh Sat Oct  7 04:02:39 EDT 2006
#@# Fix Topology rh Sat Oct  7 04:30:15 EDT 2006
#@# Make Final Surf rh Sat Oct  7 04:58:51 EDT 2006
#@# Smooth2 rh Sat Oct  7 08:23:55 EDT 2006
#@# Inflation2 rh Sat Oct  7 08:24:04 EDT 2006
#@# Cortical ribbon mask rh Sat Oct  7 08:29:26 EDT 2006
#@# Sphere rh Sat Oct  7 08:30:27 EDT 2006
#@# Surf Reg rh Sat Oct  7 12:33:47 EDT 2006
#@# Contra Surf Reg rh Sat Oct  7 14:00:05 EDT 2006
#@# AvgCurv rh Sat Oct  7 15:27:58 EDT 2006
#@# Cortical Parc rh Sat Oct  7 15:28:00 EDT 2006
#@# Parcellation Stats rh Sat Oct  7 15:29:15 EDT 2006
#@# Cortical Parc 2 rh Sat Oct  7 15:29:31 EDT 2006
#@# Parcellation Stats 2 rh Sat Oct  7 15:31:11 EDT 2006
#@# AParc-to-ASeg Sat Oct  7 15:31:30 EDT 2006
recon-all finished without error at Sat Oct  7 15:32:57 EDT 2006



New invocation of recon-all 



status file for recon-all
Tue Oct 10 14:24:45 EDT 2006
#@# Mask BFS Tue Oct 10 14:24:45 EDT 2006
#@# Fill Tue Oct 10 14:24:53 EDT 2006
#@# Tessellate lh Tue Oct 10 14:27:20 EDT 2006
#@# Smooth1 lh Tue Oct 10 14:27:30 EDT 2006
#@# Inflation1 lh Tue Oct 10 14:27:39 EDT 2006
#@# QSphere lh Tue Oct 10 14:29:18 EDT 2006



New invocation of recon-all 



status file for recon-all
Tue Oct 10 14:48:00 EDT 2006
#@# Mask BFS Tue Oct 10 14:48:00 EDT 2006
#@# Fill Tue Oct 10 14:48:09 EDT 2006
#@# Tessellate lh Tue Oct 10 14:50:29 EDT 2006
#@# Smooth1 lh Tue Oct 10 14:50:37 EDT 2006
#@# Inflation1 lh Tue Oct 10 14:50:44 EDT 2006
#@# QSphere lh Tue Oct 10 14:52:22 EDT 2006
#@# Fix Topology lh Tue Oct 10 15:18:49 EDT 2006
#@# Make Final Surf lh Tue Oct 10 15:25:11 EDT 2006
#@# Smooth2 lh Tue Oct 10 18:12:45 EDT 2006
#@# Inflation2 lh Tue Oct 10 18:12:53 EDT 2006
#@# Cortical ribbon mask lh Tue Oct 10 18:17:40 EDT 2006
#@# Sphere lh Tue Oct 10 18:18:36 EDT 2006
#@# Surf Reg lh Tue Oct 10 19:41:43 EDT 2006
#@# Contra Surf Reg lh Tue Oct 10 20:58:20 EDT 2006
#@# AvgCurv lh Tue Oct 10 22:19:52 EDT 2006
#@# Cortical Parc lh Tue Oct 10 22:19:54 EDT 2006
#@# Parcellation Stats lh Tue Oct 10 22:20:58 EDT 2006
#@# Cortical Parc 2 lh Tue Oct 10 22:21:13 EDT 2006
#@# Parcellation Stats 2 lh Tue Oct 10 22:22:36 EDT 2006
#@# Tessellate rh Tue Oct 10 22:22:54 EDT 2006
#@# Smooth1 rh Tue Oct 10 22:23:03 EDT 2006
#@# Inflation1 rh Tue Oct 10 22:23:10 EDT 2006
#@# QSphere rh Tue Oct 10 22:24:39 EDT 2006
#@# Fix Topology rh Tue Oct 10 22:51:58 EDT 2006
#@# Make Final Surf rh Tue Oct 10 22:53:55 EDT 2006
#@# Smooth2 rh Wed Oct 11 06:36:09 EDT 2006
#@# Inflation2 rh Wed Oct 11 06:36:17 EDT 2006
#@# Cortical ribbon mask rh Wed Oct 11 06:40:53 EDT 2006
#@# Sphere rh Wed Oct 11 06:41:49 EDT 2006



New invocation of recon-all 



status file for recon-all
Wed Oct 11 08:14:37 EDT 2006
#@# Fill Wed Oct 11 08:14:37 EDT 2006
recon-all finished without error at Wed Oct 11 08:17:03 EDT 2006
#@# Surf Reg rh Wed Oct 11 10:01:55 EDT 2006
#@# Contra Surf Reg rh Wed Oct 11 11:19:07 EDT 2006
#@# AvgCurv rh Wed Oct 11 12:35:43 EDT 2006
#@# Cortical Parc rh Wed Oct 11 12:35:45 EDT 2006
#@# Parcellation Stats rh Wed Oct 11 12:36:48 EDT 2006
#@# Cortical Parc 2 rh Wed Oct 11 12:37:03 EDT 2006
#@# Parcellation Stats 2 rh Wed Oct 11 12:38:31 EDT 2006
#@# AParc-to-ASeg Wed Oct 11 12:38:48 EDT 2006
recon-all finished without error at Wed Oct 11 12:40:05 EDT 2006



New invocation of recon-all 



status file for recon-all
Wed Oct 11 13:18:52 EDT 2006
#@# Mask BFS Wed Oct 11 13:18:52 EDT 2006
#@# Tessellate lh Wed Oct 11 13:19:01 EDT 2006



New invocation of recon-all 



status file for recon-all
Wed Oct 11 13:19:03 EDT 2006
#@# Mask BFS Wed Oct 11 13:19:03 EDT 2006
#@# Smooth1 lh Wed Oct 11 13:19:10 EDT 2006
#@# Tessellate rh Wed Oct 11 13:19:11 EDT 2006
#@# Inflation1 lh Wed Oct 11 13:19:19 EDT 2006
#@# Smooth1 rh Wed Oct 11 13:19:21 EDT 2006
#@# Inflation1 rh Wed Oct 11 13:19:30 EDT 2006
#@# QSphere lh Wed Oct 11 13:20:57 EDT 2006
#@# QSphere rh Wed Oct 11 13:21:08 EDT 2006
#@# Fix Topology rh Wed Oct 11 13:47:52 EDT 2006
#@# Fix Topology lh Wed Oct 11 13:49:02 EDT 2006
#@# Make Final Surf rh Wed Oct 11 13:49:49 EDT 2006
#@# Make Final Surf lh Wed Oct 11 13:55:59 EDT 2006
#@# Smooth2 rh Wed Oct 11 16:47:30 EDT 2006
#@# Inflation2 rh Wed Oct 11 16:47:38 EDT 2006
#@# Cortical ribbon mask rh Wed Oct 11 16:52:22 EDT 2006
#@# Sphere rh Wed Oct 11 16:53:19 EDT 2006
#@# Smooth2 lh Wed Oct 11 17:22:13 EDT 2006
#@# Inflation2 lh Wed Oct 11 17:22:22 EDT 2006
#@# Cortical ribbon mask lh Wed Oct 11 17:27:32 EDT 2006
#@# Sphere lh Wed Oct 11 17:28:33 EDT 2006
#@# Surf Reg lh Wed Oct 11 19:35:26 EDT 2006
#@# Surf Reg rh Wed Oct 11 20:21:26 EDT 2006
#@# Contra Surf Reg lh Wed Oct 11 20:48:41 EDT 2006
#@# Contra Surf Reg rh Wed Oct 11 21:42:13 EDT 2006
#@# AvgCurv lh Wed Oct 11 22:09:21 EDT 2006
#@# Cortical Parc lh Wed Oct 11 22:09:27 EDT 2006
#@# Parcellation Stats lh Wed Oct 11 22:10:44 EDT 2006
#@# Cortical Parc 2 lh Wed Oct 11 22:11:01 EDT 2006
#@# Parcellation Stats 2 lh Wed Oct 11 22:12:33 EDT 2006
#@# AParc-to-ASeg Wed Oct 11 22:12:51 EDT 2006
recon-all finished without error at Wed Oct 11 22:14:14 EDT 2006
#@# AvgCurv rh Wed Oct 11 22:57:09 EDT 2006
#@# Cortical Parc rh Wed Oct 11 22:57:11 EDT 2006
#@# Parcellation Stats rh Wed Oct 11 22:58:16 EDT 2006
#@# Cortical Parc 2 rh Wed Oct 11 22:58:30 EDT 2006
#@# Parcellation Stats 2 rh Wed Oct 11 22:59:57 EDT 2006
#@# AParc-to-ASeg Wed Oct 11 23:00:14 EDT 2006
recon-all finished without error at Wed Oct 11 23:01:33 EDT 2006



New invocation of recon-all 



status file for recon-all
Wed Apr 25 09:23:09 EDT 2007
#@# ASeg Stats Wed Apr 25 09:23:09 EDT 2007
recon-all finished without error at Wed Apr 25 09:41:51 EDT 2007



New invocation of recon-all 



status file for recon-all
Wed Jun  6 13:51:01 EDT 2007
#@# ASeg Stats Wed Jun  6 13:51:01 EDT 2007
recon-all finished without error at Wed Jun  6 13:51:02 EDT 2007



New invocation of recon-all 



status file for recon-all
Thu Jun  7 14:09:25 EDT 2007
#@# ASeg Stats Thu Jun  7 14:09:25 EDT 2007
recon-all finished without error at Thu Jun  7 14:09:26 EDT 2007
